<?xml version="1.0" encoding="UTF-8"?>
<testsuite xmlns:xsi="http://www.w3.org/2001/XMLSchema-instance" xsi:noNamespaceSchemaLocation="https://maven.apache.org/surefire/maven-surefire-plugin/xsd/surefire-test-report.xsd" name="Controlador.ControladorTest" time="8.438" tests="19" errors="0" skipped="0" failures="0">
  <properties>
[...]
</properties>
  <testcase name="modificarIngeniero" classname="Controlador.ControladorTest" time="2.461"/>
  <testcase name="relacionCochePiloto" classname="Controlador.ControladorTest" time="0.559"/>
  <testcase name="borrarEquipoCarreras" classname="Controlador.ControladorTest" time="0.21"/>
  <testcase name="insertarPiloto" classname="Controlador.ControladorTest" time="0.111"/>
  <testcase name="borrarPiloto" classname="Controlador.ControladorTest" time="0.244"/>
  <testcase name="modificarCoche" classname="Controlador.ControladorTest" time="0.399"/>
  <testcase name="modificarPiloto" classname="Controlador.ControladorTest" time="0.368"/>
  <testcase name="obtenerDatosBD" classname="Controlador.ControladorTest" time="0.006"/>
  <testcase name="modificarInforme" classname="Controlador.ControladorTest" time="0.637"/>
  <testcase name="borrarInforme" classname="Controlador.ControladorTest" time="0.611"/>
  <testcase name="modificarEquipoCarreras" classname="Controlador.ControladorTest" time="0.244"/>
  <testcase name="borrarCoche" classname="Controlador.ControladorTest" time="0.266"/>
  <testcase name="borrarIngeniero" classname="Controlador.ControladorTest" time="0.266"/>
  <testcase name="generarInforme" classname="Controlador.ControladorTest" time="0.366"/>
  <testcase name="insertarEquipoCarreras" classname="Controlador.ControladorTest" time="0.132"/>
  <testcase name="insertarIngeniero" classname="Controlador.ControladorTest" time="0.133"/>
  <testcase name="relacionCocheIngeniero" classname="Controlador.ControladorTest" time="0.744"/>
  <testcase name="insertarCoche" classname="Controlador.ControladorTest" time="0.122"/>
  <testcase name="relacionEquipoPiloto" classname="Controlador.ControladorTest" time="0.533"/>
</testsuite>