<?xml version="1.0" encoding="UTF-8"?>
<testsuite xmlns:xsi="http://www.w3.org/2001/XMLSchema-instance" xsi:noNamespaceSchemaLocation="https://maven.apache.org/surefire/maven-surefire-plugin/xsd/surefire-test-report.xsd" name="Controlador.ControladorTest" time="2.812" tests="7" errors="1" skipped="0" failures="0">
  <properties>
[...]
</properties>
  <testcase name="insertarPiloto" classname="Controlador.ControladorTest" time="2.153"/>
  <testcase name="obtenerDatosBD" classname="Controlador.ControladorTest" time="0.017"/>
  <testcase name="modificarEquipoCarreras" classname="Controlador.ControladorTest" time="0.02">
    <error message="Index 9 out of bounds for length 9" type="java.lang.IndexOutOfBoundsException">java.lang.IndexOutOfBoundsException: Index 9 out of bounds for length 9
	at Controlador.ControladorTest.modificarEquipoCarreras(ControladorTest.java:88)
</error>
    <system-out><![CDATA[resultado: 5
resultado2: 5
resultado: 6
resultado2: 6
resultado: 7
resultado2: 7
resultado: 8
resultado2: 8
resultado: 9
resultado2: 9
resultado: 10
resultado2: 10
resultado: 11
resultado2: null
resultado: 12
resultado2: null
resultado: 13
resultado2: 11
resultado: 15
resultado2: null
resultado: 16
resultado2: null
resultado: 17
resultado2: null
resultado: 18
resultado2: null
Nombre: Alemania
ID Equipo: 2
Nombre: Portugal
ID Equipo: 3
Nombre: Polonia
ID Equipo: 4
Nombre: Turquía
ID Equipo: 5
Nombre: NuevoEquipo
ID Equipo: 6
Nombre: España
ID Equipo: 7
Nombre: TestNuevoNombreEquipoCarreras
ID Equipo: 8
Nombre: TestNuevoNombreEquipoCarreras
ID Equipo: 9
Nombre: TestInsertarEquipoCarreras
ID Equipo: 10
Nombre: Piloto 5
ID Piloto: 5
Edad: 28
Nombre: Piloto 6
ID Piloto: 6
Edad: 24
Nombre: Piloto 7
ID Piloto: 7
Edad: 29
Nombre: Piloto 8
ID Piloto: 8
Edad: 53
Nombre: Piloto 9
ID Piloto: 9
Edad: 27
Nombre: Piloto 10
ID Piloto: 10
Edad: 23
Nombre: Piloto 11
ID Piloto: 11
Edad: 23
Nombre: Piloto 12
ID Piloto: 12
Edad: 23
Nombre: UnPiloto
ID Piloto: 13
Edad: 22
Nombre: Roberto
ID Piloto: 15
Edad: 21
Nombre: TestPiloto
ID Piloto: 16
Edad: 23
Nombre: TestPiloto
ID Piloto: 17
Edad: 23
Nombre: TestPiloto
ID Piloto: 18
Edad: 23
ID: 5
Descripcion: informe unPiloto cuyo id es 13 
ID: 7
Descripcion: TestGenerarInforme
ID: 8
Descripcion: TestGenerarInforme
]]></system-out>
  </testcase>
  <testcase name="generarInforme" classname="Controlador.ControladorTest" time="0.281"/>
  <testcase name="insertarEquipoCarreras" classname="Controlador.ControladorTest" time="0.11"/>
  <testcase name="insertarIngeniero" classname="Controlador.ControladorTest" time="0.093"/>
  <testcase name="insertarCoche" classname="Controlador.ControladorTest" time="0.125"/>
</testsuite>